2019-08-23 19:31:24 [14.207.201.179][-][-][warning][yii\debug\Module::checkAccess] Access to debugger is denied due to IP address restriction. The requesting IP address is 14.207.201.179
    in /var/www/billing/backend/themes/adminlte/views/layouts/main.php:75
    in /var/www/billing/backend/controllers/SiteController.php:69
2019-08-23 19:31:24 [14.207.201.179][-][-][warning][yii\debug\Module::checkAccess] Access to debugger is denied due to IP address restriction. The requesting IP address is 14.207.201.179
2019-08-23 19:31:24 [14.207.201.179][-][-][info][application] $_GET = []

$_POST = []

$_FILES = []

$_COOKIE = [
    'language' => '813b80ee9e5e07a75ba400e16f8b83cc9cb075b686da0c942e546fb3c7715e70a:2:{i:0;s:8:\"language\";i:1;s:5:\"en-US\";}'
]

$_SERVER = [
    'HTTPS' => 'on'
    'SSL_TLS_SNI' => 'billing.dconhub.com'
    'HTTP_HOST' => 'billing.dconhub.com'
    'HTTP_CONNECTION' => 'keep-alive'
    'HTTP_CACHE_CONTROL' => 'max-age=0'
    'HTTP_UPGRADE_INSECURE_REQUESTS' => '1'
    'HTTP_USER_AGENT' => 'Mozilla/5.0 (Windows NT 10.0; Win64; x64) AppleWebKit/537.36 (KHTML, like Gecko) Chrome/76.0.3809.100 Safari/537.36'
    'HTTP_SEC_FETCH_MODE' => 'navigate'
    'HTTP_SEC_FETCH_USER' => '?1'
    'HTTP_ACCEPT' => 'text/html,application/xhtml+xml,application/xml;q=0.9,image/webp,image/apng,*/*;q=0.8,application/signed-exchange;v=b3'
    'HTTP_SEC_FETCH_SITE' => 'none'
    'HTTP_ACCEPT_ENCODING' => 'gzip, deflate, br'
    'HTTP_ACCEPT_LANGUAGE' => 'en-US,en;q=0.9,th;q=0.8'
    'HTTP_COOKIE' => 'language=813b80ee9e5e07a75ba400e16f8b83cc9cb075b686da0c942e546fb3c7715e70a%3A2%3A%7Bi%3A0%3Bs%3A8%3A%22language%22%3Bi%3A1%3Bs%3A5%3A%22en-US%22%3B%7D'
    'PATH' => '/usr/local/sbin:/usr/local/bin:/usr/sbin:/usr/bin:/sbin:/bin'
    'SERVER_SIGNATURE' => '<address>Apache/2.4.18 (Ubuntu) Server at billing.dconhub.com Port 443</address>
'
    'SERVER_SOFTWARE' => 'Apache/2.4.18 (Ubuntu)'
    'SERVER_NAME' => 'billing.dconhub.com'
    'SERVER_ADDR' => '61.19.254.14'
    'SERVER_PORT' => '443'
    'REMOTE_ADDR' => '14.207.201.179'
    'DOCUMENT_ROOT' => '/var/www/billing/backend/web'
    'REQUEST_SCHEME' => 'https'
    'CONTEXT_PREFIX' => ''
    'CONTEXT_DOCUMENT_ROOT' => '/var/www/billing/backend/web'
    'SERVER_ADMIN' => 'webmaster@damasac.com'
    'SCRIPT_FILENAME' => '/var/www/billing/backend/web/index.php'
    'REMOTE_PORT' => '49917'
    'GATEWAY_INTERFACE' => 'CGI/1.1'
    'SERVER_PROTOCOL' => 'HTTP/1.1'
    'REQUEST_METHOD' => 'GET'
    'QUERY_STRING' => ''
    'REQUEST_URI' => '/'
    'SCRIPT_NAME' => '/index.php'
    'PHP_SELF' => '/index.php'
    'REQUEST_TIME_FLOAT' => 1566563484.297
    'REQUEST_TIME' => 1566563484
]
2019-08-23 19:34:28 [14.207.201.179][-][-][warning][yii\debug\Module::checkAccess] Access to debugger is denied due to IP address restriction. The requesting IP address is 14.207.201.179
    in /var/www/billing/backend/themes/adminlte/views/layouts/main.php:75
    in /var/www/billing/backend/controllers/SiteController.php:69
2019-08-23 19:34:28 [14.207.201.179][-][-][warning][yii\debug\Module::checkAccess] Access to debugger is denied due to IP address restriction. The requesting IP address is 14.207.201.179
2019-08-23 19:34:28 [14.207.201.179][-][-][info][application] $_GET = []

$_POST = []

$_FILES = []

$_COOKIE = [
    'language' => '813b80ee9e5e07a75ba400e16f8b83cc9cb075b686da0c942e546fb3c7715e70a:2:{i:0;s:8:\"language\";i:1;s:5:\"en-US\";}'
    '_csrf-backend' => '477808b25a8d35af717313fad0402c7971b722964ff813aed0db8687c658b0aea:2:{i:0;s:13:\"_csrf-backend\";i:1;s:32:\"jGjDdMSZtfs5gPvtzw9VGsnSuUirYLmX\";}'
]

$_SERVER = [
    'HTTPS' => 'on'
    'SSL_TLS_SNI' => 'billing.dconhub.com'
    'HTTP_HOST' => 'billing.dconhub.com'
    'HTTP_CONNECTION' => 'keep-alive'
    'HTTP_CACHE_CONTROL' => 'max-age=0'
    'HTTP_UPGRADE_INSECURE_REQUESTS' => '1'
    'HTTP_USER_AGENT' => 'Mozilla/5.0 (Windows NT 10.0; Win64; x64) AppleWebKit/537.36 (KHTML, like Gecko) Chrome/76.0.3809.100 Safari/537.36'
    'HTTP_SEC_FETCH_MODE' => 'navigate'
    'HTTP_SEC_FETCH_USER' => '?1'
    'HTTP_ACCEPT' => 'text/html,application/xhtml+xml,application/xml;q=0.9,image/webp,image/apng,*/*;q=0.8,application/signed-exchange;v=b3'
    'HTTP_SEC_FETCH_SITE' => 'none'
    'HTTP_ACCEPT_ENCODING' => 'gzip, deflate, br'
    'HTTP_ACCEPT_LANGUAGE' => 'en-US,en;q=0.9,th;q=0.8'
    'HTTP_COOKIE' => 'language=813b80ee9e5e07a75ba400e16f8b83cc9cb075b686da0c942e546fb3c7715e70a%3A2%3A%7Bi%3A0%3Bs%3A8%3A%22language%22%3Bi%3A1%3Bs%3A5%3A%22en-US%22%3B%7D; _csrf-backend=477808b25a8d35af717313fad0402c7971b722964ff813aed0db8687c658b0aea%3A2%3A%7Bi%3A0%3Bs%3A13%3A%22_csrf-backend%22%3Bi%3A1%3Bs%3A32%3A%22jGjDdMSZtfs5gPvtzw9VGsnSuUirYLmX%22%3B%7D'
    'PATH' => '/usr/local/sbin:/usr/local/bin:/usr/sbin:/usr/bin:/sbin:/bin'
    'SERVER_SIGNATURE' => '<address>Apache/2.4.18 (Ubuntu) Server at billing.dconhub.com Port 443</address>
'
    'SERVER_SOFTWARE' => 'Apache/2.4.18 (Ubuntu)'
    'SERVER_NAME' => 'billing.dconhub.com'
    'SERVER_ADDR' => '61.19.254.14'
    'SERVER_PORT' => '443'
    'REMOTE_ADDR' => '14.207.201.179'
    'DOCUMENT_ROOT' => '/var/www/billing/backend/web'
    'REQUEST_SCHEME' => 'https'
    'CONTEXT_PREFIX' => ''
    'CONTEXT_DOCUMENT_ROOT' => '/var/www/billing/backend/web'
    'SERVER_ADMIN' => 'webmaster@damasac.com'
    'SCRIPT_FILENAME' => '/var/www/billing/backend/web/index.php'
    'REMOTE_PORT' => '49934'
    'GATEWAY_INTERFACE' => 'CGI/1.1'
    'SERVER_PROTOCOL' => 'HTTP/1.1'
    'REQUEST_METHOD' => 'GET'
    'QUERY_STRING' => ''
    'REQUEST_URI' => '/'
    'SCRIPT_NAME' => '/index.php'
    'PHP_SELF' => '/index.php'
    'REQUEST_TIME_FLOAT' => 1566563668.651
    'REQUEST_TIME' => 1566563668
]
2019-08-23 19:34:28 [14.207.201.179][-][-][error][yii\web\HttpException:404] yii\base\InvalidRouteException: Unable to resolve the request "module/1/Wf-t0gCdqkdsGCz3e7I2GSYYG-dA9Ede.png". in /var/www/billing/vendor/yiisoft/yii2/base/Module.php:537
Stack trace:
#0 /var/www/billing/vendor/yiisoft/yii2/web/Application.php(103): yii\base\Module->runAction('module/1/Wf-t0g...', Array)
#1 /var/www/billing/vendor/yiisoft/yii2/base/Application.php(386): yii\web\Application->handleRequest(Object(yii\web\Request))
#2 /var/www/billing/backend/web/index.php(17): yii\base\Application->run()
#3 {main}

Next yii\web\NotFoundHttpException: ไม่พบหน้า in /var/www/billing/vendor/yiisoft/yii2/web/Application.php:115
Stack trace:
#0 /var/www/billing/vendor/yiisoft/yii2/base/Application.php(386): yii\web\Application->handleRequest(Object(yii\web\Request))
#1 /var/www/billing/backend/web/index.php(17): yii\base\Application->run()
#2 {main}
2019-08-23 19:34:28 [14.207.201.179][-][-][warning][yii\debug\Module::checkAccess] Access to debugger is denied due to IP address restriction. The requesting IP address is 14.207.201.179
    in /var/www/billing/backend/themes/adminlte/views/layouts/main.php:75
2019-08-23 19:34:28 [14.207.201.179][-][-][warning][yii\debug\Module::checkAccess] Access to debugger is denied due to IP address restriction. The requesting IP address is 14.207.201.179
2019-08-23 19:34:28 [14.207.201.179][-][-][info][application] $_GET = []

$_POST = []

$_FILES = []

$_COOKIE = [
    'language' => '813b80ee9e5e07a75ba400e16f8b83cc9cb075b686da0c942e546fb3c7715e70a:2:{i:0;s:8:\"language\";i:1;s:5:\"en-US\";}'
    '_csrf-backend' => '477808b25a8d35af717313fad0402c7971b722964ff813aed0db8687c658b0aea:2:{i:0;s:13:\"_csrf-backend\";i:1;s:32:\"jGjDdMSZtfs5gPvtzw9VGsnSuUirYLmX\";}'
]

$_SERVER = [
    'REDIRECT_HTTPS' => 'on'
    'REDIRECT_SSL_TLS_SNI' => 'billing.dconhub.com'
    'REDIRECT_STATUS' => '200'
    'HTTPS' => 'on'
    'SSL_TLS_SNI' => 'billing.dconhub.com'
    'HTTP_HOST' => 'billing.dconhub.com'
    'HTTP_CONNECTION' => 'keep-alive'
    'HTTP_SEC_FETCH_MODE' => 'no-cors'
    'HTTP_USER_AGENT' => 'Mozilla/5.0 (Windows NT 10.0; Win64; x64) AppleWebKit/537.36 (KHTML, like Gecko) Chrome/76.0.3809.100 Safari/537.36'
    'HTTP_ACCEPT' => 'image/webp,image/apng,image/*,*/*;q=0.8'
    'HTTP_SEC_FETCH_SITE' => 'same-origin'
    'HTTP_REFERER' => 'https://billing.dconhub.com/'
    'HTTP_ACCEPT_ENCODING' => 'gzip, deflate, br'
    'HTTP_ACCEPT_LANGUAGE' => 'en-US,en;q=0.9,th;q=0.8'
    'HTTP_COOKIE' => 'language=813b80ee9e5e07a75ba400e16f8b83cc9cb075b686da0c942e546fb3c7715e70a%3A2%3A%7Bi%3A0%3Bs%3A8%3A%22language%22%3Bi%3A1%3Bs%3A5%3A%22en-US%22%3B%7D; _csrf-backend=477808b25a8d35af717313fad0402c7971b722964ff813aed0db8687c658b0aea%3A2%3A%7Bi%3A0%3Bs%3A13%3A%22_csrf-backend%22%3Bi%3A1%3Bs%3A32%3A%22jGjDdMSZtfs5gPvtzw9VGsnSuUirYLmX%22%3B%7D'
    'PATH' => '/usr/local/sbin:/usr/local/bin:/usr/sbin:/usr/bin:/sbin:/bin'
    'SERVER_SIGNATURE' => '<address>Apache/2.4.18 (Ubuntu) Server at billing.dconhub.com Port 443</address>
'
    'SERVER_SOFTWARE' => 'Apache/2.4.18 (Ubuntu)'
    'SERVER_NAME' => 'billing.dconhub.com'
    'SERVER_ADDR' => '61.19.254.14'
    'SERVER_PORT' => '443'
    'REMOTE_ADDR' => '14.207.201.179'
    'DOCUMENT_ROOT' => '/var/www/billing/backend/web'
    'REQUEST_SCHEME' => 'https'
    'CONTEXT_PREFIX' => ''
    'CONTEXT_DOCUMENT_ROOT' => '/var/www/billing/backend/web'
    'SERVER_ADMIN' => 'webmaster@damasac.com'
    'SCRIPT_FILENAME' => '/var/www/billing/backend/web/index.php'
    'REMOTE_PORT' => '49937'
    'REDIRECT_URL' => '/module/1/Wf-t0gCdqkdsGCz3e7I2GSYYG-dA9Ede.png'
    'GATEWAY_INTERFACE' => 'CGI/1.1'
    'SERVER_PROTOCOL' => 'HTTP/1.1'
    'REQUEST_METHOD' => 'GET'
    'QUERY_STRING' => ''
    'REQUEST_URI' => '/module/1/Wf-t0gCdqkdsGCz3e7I2GSYYG-dA9Ede.png'
    'SCRIPT_NAME' => '/index.php'
    'PHP_SELF' => '/index.php'
    'REQUEST_TIME_FLOAT' => 1566563668.969
    'REQUEST_TIME' => 1566563668
]
2019-08-23 19:34:33 [14.207.201.179][-][-][error][ParseError] ParseError: syntax error, unexpected '<<' (T_SL), expecting function (T_FUNCTION) in /var/www/billing/common/modules/user/classes/CNUserFunc.php:17
Stack trace:
#0 [internal function]: yii\BaseYii::autoload('common\\modules\\...')
#1 /var/www/billing/backend/classest/KNLogFunc.php(21): spl_autoload_call('common\\modules\\...')
#2 /var/www/billing/common/modules/user/controllers/SecurityController.php(36): backend\classest\KNLogFunc::addLog(1, 'Login form', '\xE0\xB8\x9C\xE0\xB8\xB9\xE0\xB9\x89\xE0\xB9\x83\xE0\xB8\x8A...')
#3 [internal function]: common\modules\user\controllers\SecurityController->actionLogin()
#4 /var/www/billing/vendor/yiisoft/yii2/base/InlineAction.php(57): call_user_func_array(Array, Array)
#5 /var/www/billing/vendor/yiisoft/yii2/base/Controller.php(157): yii\base\InlineAction->runWithParams(Array)
#6 /var/www/billing/vendor/yiisoft/yii2/base/Module.php(528): yii\base\Controller->runAction('login', Array)
#7 /var/www/billing/vendor/yiisoft/yii2/web/Application.php(103): yii\base\Module->runAction('user/security/l...', Array)
#8 /var/www/billing/vendor/yiisoft/yii2/base/Application.php(386): yii\web\Application->handleRequest(Object(yii\web\Request))
#9 /var/www/billing/backend/web/index.php(17): yii\base\Application->run()
#10 {main}
2019-08-23 19:34:33 [14.207.201.179][-][-][warning][yii\debug\Module::checkAccess] Access to debugger is denied due to IP address restriction. The requesting IP address is 14.207.201.179
2019-08-23 19:34:33 [14.207.201.179][-][-][warning][yii\debug\Module::checkAccess] Access to debugger is denied due to IP address restriction. The requesting IP address is 14.207.201.179
2019-08-23 19:34:33 [14.207.201.179][-][-][info][application] $_GET = []

$_POST = []

$_FILES = []

$_COOKIE = [
    'language' => '813b80ee9e5e07a75ba400e16f8b83cc9cb075b686da0c942e546fb3c7715e70a:2:{i:0;s:8:\"language\";i:1;s:5:\"en-US\";}'
    '_csrf-backend' => '477808b25a8d35af717313fad0402c7971b722964ff813aed0db8687c658b0aea:2:{i:0;s:13:\"_csrf-backend\";i:1;s:32:\"jGjDdMSZtfs5gPvtzw9VGsnSuUirYLmX\";}'
]

$_SERVER = [
    'REDIRECT_HTTPS' => 'on'
    'REDIRECT_SSL_TLS_SNI' => 'billing.dconhub.com'
    'REDIRECT_STATUS' => '200'
    'HTTPS' => 'on'
    'SSL_TLS_SNI' => 'billing.dconhub.com'
    'HTTP_HOST' => 'billing.dconhub.com'
    'HTTP_CONNECTION' => 'keep-alive'
    'HTTP_UPGRADE_INSECURE_REQUESTS' => '1'
    'HTTP_USER_AGENT' => 'Mozilla/5.0 (Windows NT 10.0; Win64; x64) AppleWebKit/537.36 (KHTML, like Gecko) Chrome/76.0.3809.100 Safari/537.36'
    'HTTP_SEC_FETCH_MODE' => 'navigate'
    'HTTP_SEC_FETCH_USER' => '?1'
    'HTTP_ACCEPT' => 'text/html,application/xhtml+xml,application/xml;q=0.9,image/webp,image/apng,*/*;q=0.8,application/signed-exchange;v=b3'
    'HTTP_SEC_FETCH_SITE' => 'same-origin'
    'HTTP_REFERER' => 'https://billing.dconhub.com/'
    'HTTP_ACCEPT_ENCODING' => 'gzip, deflate, br'
    'HTTP_ACCEPT_LANGUAGE' => 'en-US,en;q=0.9,th;q=0.8'
    'HTTP_COOKIE' => 'language=813b80ee9e5e07a75ba400e16f8b83cc9cb075b686da0c942e546fb3c7715e70a%3A2%3A%7Bi%3A0%3Bs%3A8%3A%22language%22%3Bi%3A1%3Bs%3A5%3A%22en-US%22%3B%7D; _csrf-backend=477808b25a8d35af717313fad0402c7971b722964ff813aed0db8687c658b0aea%3A2%3A%7Bi%3A0%3Bs%3A13%3A%22_csrf-backend%22%3Bi%3A1%3Bs%3A32%3A%22jGjDdMSZtfs5gPvtzw9VGsnSuUirYLmX%22%3B%7D'
    'PATH' => '/usr/local/sbin:/usr/local/bin:/usr/sbin:/usr/bin:/sbin:/bin'
    'SERVER_SIGNATURE' => '<address>Apache/2.4.18 (Ubuntu) Server at billing.dconhub.com Port 443</address>
'
    'SERVER_SOFTWARE' => 'Apache/2.4.18 (Ubuntu)'
    'SERVER_NAME' => 'billing.dconhub.com'
    'SERVER_ADDR' => '61.19.254.14'
    'SERVER_PORT' => '443'
    'REMOTE_ADDR' => '14.207.201.179'
    'DOCUMENT_ROOT' => '/var/www/billing/backend/web'
    'REQUEST_SCHEME' => 'https'
    'CONTEXT_PREFIX' => ''
    'CONTEXT_DOCUMENT_ROOT' => '/var/www/billing/backend/web'
    'SERVER_ADMIN' => 'webmaster@damasac.com'
    'SCRIPT_FILENAME' => '/var/www/billing/backend/web/index.php'
    'REMOTE_PORT' => '49938'
    'REDIRECT_URL' => '/user/login'
    'GATEWAY_INTERFACE' => 'CGI/1.1'
    'SERVER_PROTOCOL' => 'HTTP/1.1'
    'REQUEST_METHOD' => 'GET'
    'QUERY_STRING' => ''
    'REQUEST_URI' => '/user/login'
    'SCRIPT_NAME' => '/index.php'
    'PHP_SELF' => '/index.php'
    'REQUEST_TIME_FLOAT' => 1566563673.101
    'REQUEST_TIME' => 1566563673
]
2019-08-23 19:35:45 [14.207.201.179][-][-][error][Error] Error: Class 'common\modules\user\classes\Yii' not found in /var/www/billing/common/modules/user/classes/CNUserFunc.php:39
Stack trace:
#0 /var/www/billing/backend/classest/KNLogFunc.php(21): common\modules\user\classes\CNUserFunc::getUserId()
#1 /var/www/billing/common/modules/user/controllers/SecurityController.php(36): backend\classest\KNLogFunc::addLog(1, 'Login form', '\xE0\xB8\x9C\xE0\xB8\xB9\xE0\xB9\x89\xE0\xB9\x83\xE0\xB8\x8A...')
#2 [internal function]: common\modules\user\controllers\SecurityController->actionLogin()
#3 /var/www/billing/vendor/yiisoft/yii2/base/InlineAction.php(57): call_user_func_array(Array, Array)
#4 /var/www/billing/vendor/yiisoft/yii2/base/Controller.php(157): yii\base\InlineAction->runWithParams(Array)
#5 /var/www/billing/vendor/yiisoft/yii2/base/Module.php(528): yii\base\Controller->runAction('login', Array)
#6 /var/www/billing/vendor/yiisoft/yii2/web/Application.php(103): yii\base\Module->runAction('user/security/l...', Array)
#7 /var/www/billing/vendor/yiisoft/yii2/base/Application.php(386): yii\web\Application->handleRequest(Object(yii\web\Request))
#8 /var/www/billing/backend/web/index.php(17): yii\base\Application->run()
#9 {main}
2019-08-23 19:35:45 [14.207.201.179][-][-][warning][yii\debug\Module::checkAccess] Access to debugger is denied due to IP address restriction. The requesting IP address is 14.207.201.179
2019-08-23 19:35:45 [14.207.201.179][-][-][warning][yii\debug\Module::checkAccess] Access to debugger is denied due to IP address restriction. The requesting IP address is 14.207.201.179
2019-08-23 19:35:45 [14.207.201.179][-][-][info][application] $_GET = []

$_POST = []

$_FILES = []

$_COOKIE = [
    'language' => '813b80ee9e5e07a75ba400e16f8b83cc9cb075b686da0c942e546fb3c7715e70a:2:{i:0;s:8:\"language\";i:1;s:5:\"en-US\";}'
    '_csrf-backend' => '477808b25a8d35af717313fad0402c7971b722964ff813aed0db8687c658b0aea:2:{i:0;s:13:\"_csrf-backend\";i:1;s:32:\"jGjDdMSZtfs5gPvtzw9VGsnSuUirYLmX\";}'
]

$_SERVER = [
    'REDIRECT_HTTPS' => 'on'
    'REDIRECT_SSL_TLS_SNI' => 'billing.dconhub.com'
    'REDIRECT_STATUS' => '200'
    'HTTPS' => 'on'
    'SSL_TLS_SNI' => 'billing.dconhub.com'
    'HTTP_HOST' => 'billing.dconhub.com'
    'HTTP_CONNECTION' => 'keep-alive'
    'HTTP_CACHE_CONTROL' => 'max-age=0'
    'HTTP_UPGRADE_INSECURE_REQUESTS' => '1'
    'HTTP_USER_AGENT' => 'Mozilla/5.0 (Windows NT 10.0; Win64; x64) AppleWebKit/537.36 (KHTML, like Gecko) Chrome/76.0.3809.100 Safari/537.36'
    'HTTP_SEC_FETCH_MODE' => 'navigate'
    'HTTP_SEC_FETCH_USER' => '?1'
    'HTTP_ACCEPT' => 'text/html,application/xhtml+xml,application/xml;q=0.9,image/webp,image/apng,*/*;q=0.8,application/signed-exchange;v=b3'
    'HTTP_SEC_FETCH_SITE' => 'none'
    'HTTP_REFERER' => 'https://billing.dconhub.com/'
    'HTTP_ACCEPT_ENCODING' => 'gzip, deflate, br'
    'HTTP_ACCEPT_LANGUAGE' => 'en-US,en;q=0.9,th;q=0.8'
    'HTTP_COOKIE' => 'language=813b80ee9e5e07a75ba400e16f8b83cc9cb075b686da0c942e546fb3c7715e70a%3A2%3A%7Bi%3A0%3Bs%3A8%3A%22language%22%3Bi%3A1%3Bs%3A5%3A%22en-US%22%3B%7D; _csrf-backend=477808b25a8d35af717313fad0402c7971b722964ff813aed0db8687c658b0aea%3A2%3A%7Bi%3A0%3Bs%3A13%3A%22_csrf-backend%22%3Bi%3A1%3Bs%3A32%3A%22jGjDdMSZtfs5gPvtzw9VGsnSuUirYLmX%22%3B%7D'
    'PATH' => '/usr/local/sbin:/usr/local/bin:/usr/sbin:/usr/bin:/sbin:/bin'
    'SERVER_SIGNATURE' => '<address>Apache/2.4.18 (Ubuntu) Server at billing.dconhub.com Port 443</address>
'
    'SERVER_SOFTWARE' => 'Apache/2.4.18 (Ubuntu)'
    'SERVER_NAME' => 'billing.dconhub.com'
    'SERVER_ADDR' => '61.19.254.14'
    'SERVER_PORT' => '443'
    'REMOTE_ADDR' => '14.207.201.179'
    'DOCUMENT_ROOT' => '/var/www/billing/backend/web'
    'REQUEST_SCHEME' => 'https'
    'CONTEXT_PREFIX' => ''
    'CONTEXT_DOCUMENT_ROOT' => '/var/www/billing/backend/web'
    'SERVER_ADMIN' => 'webmaster@damasac.com'
    'SCRIPT_FILENAME' => '/var/www/billing/backend/web/index.php'
    'REMOTE_PORT' => '49940'
    'REDIRECT_URL' => '/user/login'
    'GATEWAY_INTERFACE' => 'CGI/1.1'
    'SERVER_PROTOCOL' => 'HTTP/1.1'
    'REQUEST_METHOD' => 'GET'
    'QUERY_STRING' => ''
    'REQUEST_URI' => '/user/login'
    'SCRIPT_NAME' => '/index.php'
    'PHP_SELF' => '/index.php'
    'REQUEST_TIME_FLOAT' => 1566563745.333
    'REQUEST_TIME' => 1566563745
]
2019-08-23 19:36:06 [14.207.201.179][-][-][warning][yii\debug\Module::checkAccess] Access to debugger is denied due to IP address restriction. The requesting IP address is 14.207.201.179
    in /var/www/billing/backend/themes/adminlte/views/layouts/main.php:75
    in /var/www/billing/common/modules/user/controllers/SecurityController.php:39
2019-08-23 19:36:06 [14.207.201.179][-][-][warning][yii\debug\Module::checkAccess] Access to debugger is denied due to IP address restriction. The requesting IP address is 14.207.201.179
2019-08-23 19:36:06 [14.207.201.179][-][-][info][application] $_GET = []

$_POST = []

$_FILES = []

$_COOKIE = [
    'language' => '813b80ee9e5e07a75ba400e16f8b83cc9cb075b686da0c942e546fb3c7715e70a:2:{i:0;s:8:\"language\";i:1;s:5:\"en-US\";}'
    '_csrf-backend' => '477808b25a8d35af717313fad0402c7971b722964ff813aed0db8687c658b0aea:2:{i:0;s:13:\"_csrf-backend\";i:1;s:32:\"jGjDdMSZtfs5gPvtzw9VGsnSuUirYLmX\";}'
]

$_SESSION = [
    '__flash' => []
]

$_SERVER = [
    'REDIRECT_HTTPS' => 'on'
    'REDIRECT_SSL_TLS_SNI' => 'billing.dconhub.com'
    'REDIRECT_STATUS' => '200'
    'HTTPS' => 'on'
    'SSL_TLS_SNI' => 'billing.dconhub.com'
    'HTTP_HOST' => 'billing.dconhub.com'
    'HTTP_CONNECTION' => 'keep-alive'
    'HTTP_CACHE_CONTROL' => 'max-age=0'
    'HTTP_UPGRADE_INSECURE_REQUESTS' => '1'
    'HTTP_USER_AGENT' => 'Mozilla/5.0 (Windows NT 10.0; Win64; x64) AppleWebKit/537.36 (KHTML, like Gecko) Chrome/76.0.3809.100 Safari/537.36'
    'HTTP_SEC_FETCH_MODE' => 'navigate'
    'HTTP_SEC_FETCH_USER' => '?1'
    'HTTP_ACCEPT' => 'text/html,application/xhtml+xml,application/xml;q=0.9,image/webp,image/apng,*/*;q=0.8,application/signed-exchange;v=b3'
    'HTTP_SEC_FETCH_SITE' => 'none'
    'HTTP_REFERER' => 'https://billing.dconhub.com/'
    'HTTP_ACCEPT_ENCODING' => 'gzip, deflate, br'
    'HTTP_ACCEPT_LANGUAGE' => 'en-US,en;q=0.9,th;q=0.8'
    'HTTP_COOKIE' => 'language=813b80ee9e5e07a75ba400e16f8b83cc9cb075b686da0c942e546fb3c7715e70a%3A2%3A%7Bi%3A0%3Bs%3A8%3A%22language%22%3Bi%3A1%3Bs%3A5%3A%22en-US%22%3B%7D; _csrf-backend=477808b25a8d35af717313fad0402c7971b722964ff813aed0db8687c658b0aea%3A2%3A%7Bi%3A0%3Bs%3A13%3A%22_csrf-backend%22%3Bi%3A1%3Bs%3A32%3A%22jGjDdMSZtfs5gPvtzw9VGsnSuUirYLmX%22%3B%7D'
    'PATH' => '/usr/local/sbin:/usr/local/bin:/usr/sbin:/usr/bin:/sbin:/bin'
    'SERVER_SIGNATURE' => '<address>Apache/2.4.18 (Ubuntu) Server at billing.dconhub.com Port 443</address>
'
    'SERVER_SOFTWARE' => 'Apache/2.4.18 (Ubuntu)'
    'SERVER_NAME' => 'billing.dconhub.com'
    'SERVER_ADDR' => '61.19.254.14'
    'SERVER_PORT' => '443'
    'REMOTE_ADDR' => '14.207.201.179'
    'DOCUMENT_ROOT' => '/var/www/billing/backend/web'
    'REQUEST_SCHEME' => 'https'
    'CONTEXT_PREFIX' => ''
    'CONTEXT_DOCUMENT_ROOT' => '/var/www/billing/backend/web'
    'SERVER_ADMIN' => 'webmaster@damasac.com'
    'SCRIPT_FILENAME' => '/var/www/billing/backend/web/index.php'
    'REMOTE_PORT' => '49943'
    'REDIRECT_URL' => '/user/login'
    'GATEWAY_INTERFACE' => 'CGI/1.1'
    'SERVER_PROTOCOL' => 'HTTP/1.1'
    'REQUEST_METHOD' => 'GET'
    'QUERY_STRING' => ''
    'REQUEST_URI' => '/user/login'
    'SCRIPT_NAME' => '/index.php'
    'PHP_SELF' => '/index.php'
    'REQUEST_TIME_FLOAT' => 1566563766.557
    'REQUEST_TIME' => 1566563766
]
2019-08-23 19:36:08 [14.207.201.179][-][-][warning][yii\debug\Module::checkAccess] Access to debugger is denied due to IP address restriction. The requesting IP address is 14.207.201.179
    in /var/www/billing/vendor/dektrium/yii2-user/traits/AjaxValidationTrait.php:35
    in /var/www/billing/common/modules/user/controllers/SecurityController.php:23
2019-08-23 19:36:08 [14.207.201.179][-][-][info][application] $_GET = []

$_POST = [
    '_csrf-backend' => 'wAYd0bT-9HfHowllpWqWFEB4Z4khBKNnmoEs0FRXHs-qQXeV0LOnLbPFelDCOuBgOg9e32Z3zTTv1EWiDRtzlw=='
    'login-form' => [
        'login' => 'admin'
        'password' => '123456'
        'rememberMe' => '0'
    ]
    'ajax' => 'login-form'
]

$_FILES = []

$_COOKIE = [
    'language' => '813b80ee9e5e07a75ba400e16f8b83cc9cb075b686da0c942e546fb3c7715e70a:2:{i:0;s:8:\"language\";i:1;s:5:\"en-US\";}'
    '_csrf-backend' => '477808b25a8d35af717313fad0402c7971b722964ff813aed0db8687c658b0aea:2:{i:0;s:13:\"_csrf-backend\";i:1;s:32:\"jGjDdMSZtfs5gPvtzw9VGsnSuUirYLmX\";}'
    'advanced-backend' => '7lou8c4d1io8sau8ij7oib6p75'
]

$_SESSION = [
    '__flash' => []
]

$_SERVER = [
    'REDIRECT_HTTPS' => 'on'
    'REDIRECT_SSL_TLS_SNI' => 'billing.dconhub.com'
    'REDIRECT_STATUS' => '200'
    'HTTPS' => 'on'
    'SSL_TLS_SNI' => 'billing.dconhub.com'
    'HTTP_HOST' => 'billing.dconhub.com'
    'HTTP_CONNECTION' => 'keep-alive'
    'CONTENT_LENGTH' => '211'
    'HTTP_ACCEPT' => 'application/json, text/javascript, */*; q=0.01'
    'HTTP_X_CSRF_TOKEN' => 'wAYd0bT-9HfHowllpWqWFEB4Z4khBKNnmoEs0FRXHs-qQXeV0LOnLbPFelDCOuBgOg9e32Z3zTTv1EWiDRtzlw=='
    'HTTP_X_REQUESTED_WITH' => 'XMLHttpRequest'
    'HTTP_USER_AGENT' => 'Mozilla/5.0 (Windows NT 10.0; Win64; x64) AppleWebKit/537.36 (KHTML, like Gecko) Chrome/76.0.3809.100 Safari/537.36'
    'HTTP_SEC_FETCH_MODE' => 'cors'
    'CONTENT_TYPE' => 'application/x-www-form-urlencoded; charset=UTF-8'
    'HTTP_ORIGIN' => 'https://billing.dconhub.com'
    'HTTP_SEC_FETCH_SITE' => 'same-origin'
    'HTTP_REFERER' => 'https://billing.dconhub.com/user/login'
    'HTTP_ACCEPT_ENCODING' => 'gzip, deflate, br'
    'HTTP_ACCEPT_LANGUAGE' => 'en-US,en;q=0.9,th;q=0.8'
    'HTTP_COOKIE' => 'language=813b80ee9e5e07a75ba400e16f8b83cc9cb075b686da0c942e546fb3c7715e70a%3A2%3A%7Bi%3A0%3Bs%3A8%3A%22language%22%3Bi%3A1%3Bs%3A5%3A%22en-US%22%3B%7D; _csrf-backend=477808b25a8d35af717313fad0402c7971b722964ff813aed0db8687c658b0aea%3A2%3A%7Bi%3A0%3Bs%3A13%3A%22_csrf-backend%22%3Bi%3A1%3Bs%3A32%3A%22jGjDdMSZtfs5gPvtzw9VGsnSuUirYLmX%22%3B%7D; advanced-backend=7lou8c4d1io8sau8ij7oib6p75'
    'PATH' => '/usr/local/sbin:/usr/local/bin:/usr/sbin:/usr/bin:/sbin:/bin'
    'SERVER_SIGNATURE' => '<address>Apache/2.4.18 (Ubuntu) Server at billing.dconhub.com Port 443</address>
'
    'SERVER_SOFTWARE' => 'Apache/2.4.18 (Ubuntu)'
    'SERVER_NAME' => 'billing.dconhub.com'
    'SERVER_ADDR' => '61.19.254.14'
    'SERVER_PORT' => '443'
    'REMOTE_ADDR' => '14.207.201.179'
    'DOCUMENT_ROOT' => '/var/www/billing/backend/web'
    'REQUEST_SCHEME' => 'https'
    'CONTEXT_PREFIX' => ''
    'CONTEXT_DOCUMENT_ROOT' => '/var/www/billing/backend/web'
    'SERVER_ADMIN' => 'webmaster@damasac.com'
    'SCRIPT_FILENAME' => '/var/www/billing/backend/web/index.php'
    'REMOTE_PORT' => '49947'
    'REDIRECT_URL' => '/user/login'
    'GATEWAY_INTERFACE' => 'CGI/1.1'
    'SERVER_PROTOCOL' => 'HTTP/1.1'
    'REQUEST_METHOD' => 'POST'
    'QUERY_STRING' => ''
    'REQUEST_URI' => '/user/login'
    'SCRIPT_NAME' => '/index.php'
    'PHP_SELF' => '/index.php'
    'REQUEST_TIME_FLOAT' => 1566563768.225
    'REQUEST_TIME' => 1566563768
]
2019-08-23 19:36:09 [14.207.201.179][1][-][warning][yii\debug\Module::checkAccess] Access to debugger is denied due to IP address restriction. The requesting IP address is 14.207.201.179
2019-08-23 19:36:08 [14.207.201.179][1][-][info][application] $_GET = []

$_POST = [
    '_csrf-backend' => 'wAYd0bT-9HfHowllpWqWFEB4Z4khBKNnmoEs0FRXHs-qQXeV0LOnLbPFelDCOuBgOg9e32Z3zTTv1EWiDRtzlw=='
    'login-form' => [
        'login' => 'admin'
        'password' => '123456'
        'rememberMe' => '0'
    ]
]

$_FILES = []

$_COOKIE = [
    'language' => '813b80ee9e5e07a75ba400e16f8b83cc9cb075b686da0c942e546fb3c7715e70a:2:{i:0;s:8:\"language\";i:1;s:5:\"en-US\";}'
    '_csrf-backend' => '477808b25a8d35af717313fad0402c7971b722964ff813aed0db8687c658b0aea:2:{i:0;s:13:\"_csrf-backend\";i:1;s:32:\"jGjDdMSZtfs5gPvtzw9VGsnSuUirYLmX\";}'
    'advanced-backend' => '7lou8c4d1io8sau8ij7oib6p75'
]

$_SESSION = [
    '__flash' => []
    '__id' => 1
]

$_SERVER = [
    'REDIRECT_HTTPS' => 'on'
    'REDIRECT_SSL_TLS_SNI' => 'billing.dconhub.com'
    'REDIRECT_STATUS' => '200'
    'HTTPS' => 'on'
    'SSL_TLS_SNI' => 'billing.dconhub.com'
    'HTTP_HOST' => 'billing.dconhub.com'
    'HTTP_CONNECTION' => 'keep-alive'
    'CONTENT_LENGTH' => '195'
    'HTTP_CACHE_CONTROL' => 'max-age=0'
    'HTTP_ORIGIN' => 'https://billing.dconhub.com'
    'HTTP_UPGRADE_INSECURE_REQUESTS' => '1'
    'CONTENT_TYPE' => 'application/x-www-form-urlencoded'
    'HTTP_USER_AGENT' => 'Mozilla/5.0 (Windows NT 10.0; Win64; x64) AppleWebKit/537.36 (KHTML, like Gecko) Chrome/76.0.3809.100 Safari/537.36'
    'HTTP_SEC_FETCH_MODE' => 'navigate'
    'HTTP_SEC_FETCH_USER' => '?1'
    'HTTP_ACCEPT' => 'text/html,application/xhtml+xml,application/xml;q=0.9,image/webp,image/apng,*/*;q=0.8,application/signed-exchange;v=b3'
    'HTTP_SEC_FETCH_SITE' => 'same-origin'
    'HTTP_REFERER' => 'https://billing.dconhub.com/user/login'
    'HTTP_ACCEPT_ENCODING' => 'gzip, deflate, br'
    'HTTP_ACCEPT_LANGUAGE' => 'en-US,en;q=0.9,th;q=0.8'
    'HTTP_COOKIE' => 'language=813b80ee9e5e07a75ba400e16f8b83cc9cb075b686da0c942e546fb3c7715e70a%3A2%3A%7Bi%3A0%3Bs%3A8%3A%22language%22%3Bi%3A1%3Bs%3A5%3A%22en-US%22%3B%7D; _csrf-backend=477808b25a8d35af717313fad0402c7971b722964ff813aed0db8687c658b0aea%3A2%3A%7Bi%3A0%3Bs%3A13%3A%22_csrf-backend%22%3Bi%3A1%3Bs%3A32%3A%22jGjDdMSZtfs5gPvtzw9VGsnSuUirYLmX%22%3B%7D; advanced-backend=7lou8c4d1io8sau8ij7oib6p75'
    'PATH' => '/usr/local/sbin:/usr/local/bin:/usr/sbin:/usr/bin:/sbin:/bin'
    'SERVER_SIGNATURE' => '<address>Apache/2.4.18 (Ubuntu) Server at billing.dconhub.com Port 443</address>
'
    'SERVER_SOFTWARE' => 'Apache/2.4.18 (Ubuntu)'
    'SERVER_NAME' => 'billing.dconhub.com'
    'SERVER_ADDR' => '61.19.254.14'
    'SERVER_PORT' => '443'
    'REMOTE_ADDR' => '14.207.201.179'
    'DOCUMENT_ROOT' => '/var/www/billing/backend/web'
    'REQUEST_SCHEME' => 'https'
    'CONTEXT_PREFIX' => ''
    'CONTEXT_DOCUMENT_ROOT' => '/var/www/billing/backend/web'
    'SERVER_ADMIN' => 'webmaster@damasac.com'
    'SCRIPT_FILENAME' => '/var/www/billing/backend/web/index.php'
    'REMOTE_PORT' => '49947'
    'REDIRECT_URL' => '/user/login'
    'GATEWAY_INTERFACE' => 'CGI/1.1'
    'SERVER_PROTOCOL' => 'HTTP/1.1'
    'REQUEST_METHOD' => 'POST'
    'QUERY_STRING' => ''
    'REQUEST_URI' => '/user/login'
    'SCRIPT_NAME' => '/index.php'
    'PHP_SELF' => '/index.php'
    'REQUEST_TIME_FLOAT' => 1566563768.649
    'REQUEST_TIME' => 1566563768
]
2019-08-23 19:36:09 [14.207.201.179][1][-][warning][yii\debug\Module::checkAccess] Access to debugger is denied due to IP address restriction. The requesting IP address is 14.207.201.179
    in /var/www/billing/backend/themes/adminlte/views/layouts/main.php:75
    in /var/www/billing/backend/controllers/SiteController.php:69
2019-08-23 19:36:09 [14.207.201.179][1][-][warning][yii\debug\Module::checkAccess] Access to debugger is denied due to IP address restriction. The requesting IP address is 14.207.201.179
2019-08-23 19:36:09 [14.207.201.179][1][-][info][application] $_GET = []

$_POST = []

$_FILES = []

$_COOKIE = [
    'language' => '813b80ee9e5e07a75ba400e16f8b83cc9cb075b686da0c942e546fb3c7715e70a:2:{i:0;s:8:\"language\";i:1;s:5:\"en-US\";}'
    'advanced-backend' => '50p4o342rscplotuji6hqk8tn2'
    '_csrf-backend' => '47fb05a40956e75ff4a5980e027a59e49e739a9ad564e9bce66d367f35b743b2a:2:{i:0;s:13:\"_csrf-backend\";i:1;s:32:\"PPRB0-Ir7M5RCLM9dDe3mqfThHLKAWyR\";}'
]

$_SESSION = [
    '__flash' => []
    '__id' => 1
]

$_SERVER = [
    'HTTPS' => 'on'
    'SSL_TLS_SNI' => 'billing.dconhub.com'
    'HTTP_HOST' => 'billing.dconhub.com'
    'HTTP_CONNECTION' => 'keep-alive'
    'HTTP_CACHE_CONTROL' => 'max-age=0'
    'HTTP_UPGRADE_INSECURE_REQUESTS' => '1'
    'HTTP_USER_AGENT' => 'Mozilla/5.0 (Windows NT 10.0; Win64; x64) AppleWebKit/537.36 (KHTML, like Gecko) Chrome/76.0.3809.100 Safari/537.36'
    'HTTP_SEC_FETCH_MODE' => 'navigate'
    'HTTP_SEC_FETCH_USER' => '?1'
    'HTTP_ACCEPT' => 'text/html,application/xhtml+xml,application/xml;q=0.9,image/webp,image/apng,*/*;q=0.8,application/signed-exchange;v=b3'
    'HTTP_SEC_FETCH_SITE' => 'same-origin'
    'HTTP_REFERER' => 'https://billing.dconhub.com/user/login'
    'HTTP_ACCEPT_ENCODING' => 'gzip, deflate, br'
    'HTTP_ACCEPT_LANGUAGE' => 'en-US,en;q=0.9,th;q=0.8'
    'HTTP_COOKIE' => 'language=813b80ee9e5e07a75ba400e16f8b83cc9cb075b686da0c942e546fb3c7715e70a%3A2%3A%7Bi%3A0%3Bs%3A8%3A%22language%22%3Bi%3A1%3Bs%3A5%3A%22en-US%22%3B%7D; advanced-backend=50p4o342rscplotuji6hqk8tn2; _csrf-backend=47fb05a40956e75ff4a5980e027a59e49e739a9ad564e9bce66d367f35b743b2a%3A2%3A%7Bi%3A0%3Bs%3A13%3A%22_csrf-backend%22%3Bi%3A1%3Bs%3A32%3A%22PPRB0-Ir7M5RCLM9dDe3mqfThHLKAWyR%22%3B%7D'
    'PATH' => '/usr/local/sbin:/usr/local/bin:/usr/sbin:/usr/bin:/sbin:/bin'
    'SERVER_SIGNATURE' => '<address>Apache/2.4.18 (Ubuntu) Server at billing.dconhub.com Port 443</address>
'
    'SERVER_SOFTWARE' => 'Apache/2.4.18 (Ubuntu)'
    'SERVER_NAME' => 'billing.dconhub.com'
    'SERVER_ADDR' => '61.19.254.14'
    'SERVER_PORT' => '443'
    'REMOTE_ADDR' => '14.207.201.179'
    'DOCUMENT_ROOT' => '/var/www/billing/backend/web'
    'REQUEST_SCHEME' => 'https'
    'CONTEXT_PREFIX' => ''
    'CONTEXT_DOCUMENT_ROOT' => '/var/www/billing/backend/web'
    'SERVER_ADMIN' => 'webmaster@damasac.com'
    'SCRIPT_FILENAME' => '/var/www/billing/backend/web/index.php'
    'REMOTE_PORT' => '49947'
    'GATEWAY_INTERFACE' => 'CGI/1.1'
    'SERVER_PROTOCOL' => 'HTTP/1.1'
    'REQUEST_METHOD' => 'GET'
    'QUERY_STRING' => ''
    'REQUEST_URI' => '/'
    'SCRIPT_NAME' => '/index.php'
    'PHP_SELF' => '/index.php'
    'REQUEST_TIME_FLOAT' => 1566563769.071
    'REQUEST_TIME' => 1566563769
]
2019-08-23 19:36:09 [14.207.201.179][1][50p4o342rscplotuji6hqk8tn2][error][yii\web\HttpException:404] yii\base\InvalidRouteException: Unable to resolve the request "module/1/Wf-t0gCdqkdsGCz3e7I2GSYYG-dA9Ede.png". in /var/www/billing/vendor/yiisoft/yii2/base/Module.php:537
Stack trace:
#0 /var/www/billing/vendor/yiisoft/yii2/web/Application.php(103): yii\base\Module->runAction('module/1/Wf-t0g...', Array)
#1 /var/www/billing/vendor/yiisoft/yii2/base/Application.php(386): yii\web\Application->handleRequest(Object(yii\web\Request))
#2 /var/www/billing/backend/web/index.php(17): yii\base\Application->run()
#3 {main}

Next yii\web\NotFoundHttpException: ไม่พบหน้า in /var/www/billing/vendor/yiisoft/yii2/web/Application.php:115
Stack trace:
#0 /var/www/billing/vendor/yiisoft/yii2/base/Application.php(386): yii\web\Application->handleRequest(Object(yii\web\Request))
#1 /var/www/billing/backend/web/index.php(17): yii\base\Application->run()
#2 {main}
2019-08-23 19:36:09 [14.207.201.179][1][50p4o342rscplotuji6hqk8tn2][warning][yii\debug\Module::checkAccess] Access to debugger is denied due to IP address restriction. The requesting IP address is 14.207.201.179
    in /var/www/billing/backend/themes/adminlte/views/layouts/main.php:75
2019-08-23 19:36:09 [14.207.201.179][1][50p4o342rscplotuji6hqk8tn2][warning][yii\debug\Module::checkAccess] Access to debugger is denied due to IP address restriction. The requesting IP address is 14.207.201.179
2019-08-23 19:36:09 [14.207.201.179][1][50p4o342rscplotuji6hqk8tn2][info][application] $_GET = []

$_POST = []

$_FILES = []

$_COOKIE = [
    'language' => '813b80ee9e5e07a75ba400e16f8b83cc9cb075b686da0c942e546fb3c7715e70a:2:{i:0;s:8:\"language\";i:1;s:5:\"en-US\";}'
    'advanced-backend' => '50p4o342rscplotuji6hqk8tn2'
    '_csrf-backend' => '47fb05a40956e75ff4a5980e027a59e49e739a9ad564e9bce66d367f35b743b2a:2:{i:0;s:13:\"_csrf-backend\";i:1;s:32:\"PPRB0-Ir7M5RCLM9dDe3mqfThHLKAWyR\";}'
]

$_SESSION = [
    '__flash' => []
    '__id' => 1
]

$_SERVER = [
    'REDIRECT_HTTPS' => 'on'
    'REDIRECT_SSL_TLS_SNI' => 'billing.dconhub.com'
    'REDIRECT_STATUS' => '200'
    'HTTPS' => 'on'
    'SSL_TLS_SNI' => 'billing.dconhub.com'
    'HTTP_HOST' => 'billing.dconhub.com'
    'HTTP_CONNECTION' => 'keep-alive'
    'HTTP_SEC_FETCH_MODE' => 'no-cors'
    'HTTP_USER_AGENT' => 'Mozilla/5.0 (Windows NT 10.0; Win64; x64) AppleWebKit/537.36 (KHTML, like Gecko) Chrome/76.0.3809.100 Safari/537.36'
    'HTTP_ACCEPT' => 'image/webp,image/apng,image/*,*/*;q=0.8'
    'HTTP_SEC_FETCH_SITE' => 'same-origin'
    'HTTP_REFERER' => 'https://billing.dconhub.com/'
    'HTTP_ACCEPT_ENCODING' => 'gzip, deflate, br'
    'HTTP_ACCEPT_LANGUAGE' => 'en-US,en;q=0.9,th;q=0.8'
    'HTTP_COOKIE' => 'language=813b80ee9e5e07a75ba400e16f8b83cc9cb075b686da0c942e546fb3c7715e70a%3A2%3A%7Bi%3A0%3Bs%3A8%3A%22language%22%3Bi%3A1%3Bs%3A5%3A%22en-US%22%3B%7D; advanced-backend=50p4o342rscplotuji6hqk8tn2; _csrf-backend=47fb05a40956e75ff4a5980e027a59e49e739a9ad564e9bce66d367f35b743b2a%3A2%3A%7Bi%3A0%3Bs%3A13%3A%22_csrf-backend%22%3Bi%3A1%3Bs%3A32%3A%22PPRB0-Ir7M5RCLM9dDe3mqfThHLKAWyR%22%3B%7D'
    'PATH' => '/usr/local/sbin:/usr/local/bin:/usr/sbin:/usr/bin:/sbin:/bin'
    'SERVER_SIGNATURE' => '<address>Apache/2.4.18 (Ubuntu) Server at billing.dconhub.com Port 443</address>
'
    'SERVER_SOFTWARE' => 'Apache/2.4.18 (Ubuntu)'
    'SERVER_NAME' => 'billing.dconhub.com'
    'SERVER_ADDR' => '61.19.254.14'
    'SERVER_PORT' => '443'
    'REMOTE_ADDR' => '14.207.201.179'
    'DOCUMENT_ROOT' => '/var/www/billing/backend/web'
    'REQUEST_SCHEME' => 'https'
    'CONTEXT_PREFIX' => ''
    'CONTEXT_DOCUMENT_ROOT' => '/var/www/billing/backend/web'
    'SERVER_ADMIN' => 'webmaster@damasac.com'
    'SCRIPT_FILENAME' => '/var/www/billing/backend/web/index.php'
    'REMOTE_PORT' => '49947'
    'REDIRECT_URL' => '/module/1/Wf-t0gCdqkdsGCz3e7I2GSYYG-dA9Ede.png'
    'GATEWAY_INTERFACE' => 'CGI/1.1'
    'SERVER_PROTOCOL' => 'HTTP/1.1'
    'REQUEST_METHOD' => 'GET'
    'QUERY_STRING' => ''
    'REQUEST_URI' => '/module/1/Wf-t0gCdqkdsGCz3e7I2GSYYG-dA9Ede.png'
    'SCRIPT_NAME' => '/index.php'
    'PHP_SELF' => '/index.php'
    'REQUEST_TIME_FLOAT' => 1566563769.153
    'REQUEST_TIME' => 1566563769
]
2019-08-23 19:38:54 [14.207.201.179][1][-][warning][yii\debug\Module::checkAccess] Access to debugger is denied due to IP address restriction. The requesting IP address is 14.207.201.179
    in /var/www/billing/backend/themes/adminlte/views/layouts/main.php:75
    in /var/www/billing/backend/controllers/SiteController.php:69
2019-08-23 19:38:54 [14.207.201.179][1][-][warning][yii\debug\Module::checkAccess] Access to debugger is denied due to IP address restriction. The requesting IP address is 14.207.201.179
2019-08-23 19:38:54 [14.207.201.179][1][-][info][application] $_GET = []

$_POST = []

$_FILES = []

$_COOKIE = [
    'language' => '813b80ee9e5e07a75ba400e16f8b83cc9cb075b686da0c942e546fb3c7715e70a:2:{i:0;s:8:\"language\";i:1;s:5:\"en-US\";}'
    'advanced-backend' => '50p4o342rscplotuji6hqk8tn2'
    '_csrf-backend' => '47fb05a40956e75ff4a5980e027a59e49e739a9ad564e9bce66d367f35b743b2a:2:{i:0;s:13:\"_csrf-backend\";i:1;s:32:\"PPRB0-Ir7M5RCLM9dDe3mqfThHLKAWyR\";}'
]

$_SESSION = [
    '__flash' => []
    '__id' => 1
]

$_SERVER = [
    'HTTPS' => 'on'
    'SSL_TLS_SNI' => 'billing.dconhub.com'
    'HTTP_HOST' => 'billing.dconhub.com'
    'HTTP_CONNECTION' => 'keep-alive'
    'HTTP_CACHE_CONTROL' => 'max-age=0'
    'HTTP_UPGRADE_INSECURE_REQUESTS' => '1'
    'HTTP_USER_AGENT' => 'Mozilla/5.0 (Windows NT 10.0; Win64; x64) AppleWebKit/537.36 (KHTML, like Gecko) Chrome/76.0.3809.100 Safari/537.36'
    'HTTP_SEC_FETCH_MODE' => 'navigate'
    'HTTP_SEC_FETCH_USER' => '?1'
    'HTTP_ACCEPT' => 'text/html,application/xhtml+xml,application/xml;q=0.9,image/webp,image/apng,*/*;q=0.8,application/signed-exchange;v=b3'
    'HTTP_SEC_FETCH_SITE' => 'none'
    'HTTP_REFERER' => 'https://billing.dconhub.com/user/login'
    'HTTP_ACCEPT_ENCODING' => 'gzip, deflate, br'
    'HTTP_ACCEPT_LANGUAGE' => 'en-US,en;q=0.9,th;q=0.8'
    'HTTP_COOKIE' => 'language=813b80ee9e5e07a75ba400e16f8b83cc9cb075b686da0c942e546fb3c7715e70a%3A2%3A%7Bi%3A0%3Bs%3A8%3A%22language%22%3Bi%3A1%3Bs%3A5%3A%22en-US%22%3B%7D; advanced-backend=50p4o342rscplotuji6hqk8tn2; _csrf-backend=47fb05a40956e75ff4a5980e027a59e49e739a9ad564e9bce66d367f35b743b2a%3A2%3A%7Bi%3A0%3Bs%3A13%3A%22_csrf-backend%22%3Bi%3A1%3Bs%3A32%3A%22PPRB0-Ir7M5RCLM9dDe3mqfThHLKAWyR%22%3B%7D'
    'PATH' => '/usr/local/sbin:/usr/local/bin:/usr/sbin:/usr/bin:/sbin:/bin'
    'SERVER_SIGNATURE' => '<address>Apache/2.4.18 (Ubuntu) Server at billing.dconhub.com Port 443</address>
'
    'SERVER_SOFTWARE' => 'Apache/2.4.18 (Ubuntu)'
    'SERVER_NAME' => 'billing.dconhub.com'
    'SERVER_ADDR' => '61.19.254.14'
    'SERVER_PORT' => '443'
    'REMOTE_ADDR' => '14.207.201.179'
    'DOCUMENT_ROOT' => '/var/www/billing/backend/web'
    'REQUEST_SCHEME' => 'https'
    'CONTEXT_PREFIX' => ''
    'CONTEXT_DOCUMENT_ROOT' => '/var/www/billing/backend/web'
    'SERVER_ADMIN' => 'webmaster@damasac.com'
    'SCRIPT_FILENAME' => '/var/www/billing/backend/web/index.php'
    'REMOTE_PORT' => '49974'
    'GATEWAY_INTERFACE' => 'CGI/1.1'
    'SERVER_PROTOCOL' => 'HTTP/1.1'
    'REQUEST_METHOD' => 'GET'
    'QUERY_STRING' => ''
    'REQUEST_URI' => '/'
    'SCRIPT_NAME' => '/index.php'
    'PHP_SELF' => '/index.php'
    'REQUEST_TIME_FLOAT' => 1566563934.79
    'REQUEST_TIME' => 1566563934
]
2019-08-23 19:38:55 [14.207.201.179][1][50p4o342rscplotuji6hqk8tn2][error][yii\web\HttpException:404] yii\base\InvalidRouteException: Unable to resolve the request "module/1/Wf-t0gCdqkdsGCz3e7I2GSYYG-dA9Ede.png". in /var/www/billing/vendor/yiisoft/yii2/base/Module.php:537
Stack trace:
#0 /var/www/billing/vendor/yiisoft/yii2/web/Application.php(103): yii\base\Module->runAction('module/1/Wf-t0g...', Array)
#1 /var/www/billing/vendor/yiisoft/yii2/base/Application.php(386): yii\web\Application->handleRequest(Object(yii\web\Request))
#2 /var/www/billing/backend/web/index.php(17): yii\base\Application->run()
#3 {main}

Next yii\web\NotFoundHttpException: ไม่พบหน้า in /var/www/billing/vendor/yiisoft/yii2/web/Application.php:115
Stack trace:
#0 /var/www/billing/vendor/yiisoft/yii2/base/Application.php(386): yii\web\Application->handleRequest(Object(yii\web\Request))
#1 /var/www/billing/backend/web/index.php(17): yii\base\Application->run()
#2 {main}
2019-08-23 19:38:55 [14.207.201.179][1][50p4o342rscplotuji6hqk8tn2][warning][yii\debug\Module::checkAccess] Access to debugger is denied due to IP address restriction. The requesting IP address is 14.207.201.179
    in /var/www/billing/backend/themes/adminlte/views/layouts/main.php:75
2019-08-23 19:38:55 [14.207.201.179][1][50p4o342rscplotuji6hqk8tn2][warning][yii\debug\Module::checkAccess] Access to debugger is denied due to IP address restriction. The requesting IP address is 14.207.201.179
2019-08-23 19:38:55 [14.207.201.179][1][50p4o342rscplotuji6hqk8tn2][info][application] $_GET = []

$_POST = []

$_FILES = []

$_COOKIE = [
    'language' => '813b80ee9e5e07a75ba400e16f8b83cc9cb075b686da0c942e546fb3c7715e70a:2:{i:0;s:8:\"language\";i:1;s:5:\"en-US\";}'
    'advanced-backend' => '50p4o342rscplotuji6hqk8tn2'
    '_csrf-backend' => '47fb05a40956e75ff4a5980e027a59e49e739a9ad564e9bce66d367f35b743b2a:2:{i:0;s:13:\"_csrf-backend\";i:1;s:32:\"PPRB0-Ir7M5RCLM9dDe3mqfThHLKAWyR\";}'
]

$_SESSION = [
    '__flash' => []
    '__id' => 1
]

$_SERVER = [
    'REDIRECT_HTTPS' => 'on'
    'REDIRECT_SSL_TLS_SNI' => 'billing.dconhub.com'
    'REDIRECT_STATUS' => '200'
    'HTTPS' => 'on'
    'SSL_TLS_SNI' => 'billing.dconhub.com'
    'HTTP_HOST' => 'billing.dconhub.com'
    'HTTP_CONNECTION' => 'keep-alive'
    'HTTP_SEC_FETCH_MODE' => 'no-cors'
    'HTTP_USER_AGENT' => 'Mozilla/5.0 (Windows NT 10.0; Win64; x64) AppleWebKit/537.36 (KHTML, like Gecko) Chrome/76.0.3809.100 Safari/537.36'
    'HTTP_ACCEPT' => 'image/webp,image/apng,image/*,*/*;q=0.8'
    'HTTP_SEC_FETCH_SITE' => 'same-origin'
    'HTTP_REFERER' => 'https://billing.dconhub.com/'
    'HTTP_ACCEPT_ENCODING' => 'gzip, deflate, br'
    'HTTP_ACCEPT_LANGUAGE' => 'en-US,en;q=0.9,th;q=0.8'
    'HTTP_COOKIE' => 'language=813b80ee9e5e07a75ba400e16f8b83cc9cb075b686da0c942e546fb3c7715e70a%3A2%3A%7Bi%3A0%3Bs%3A8%3A%22language%22%3Bi%3A1%3Bs%3A5%3A%22en-US%22%3B%7D; advanced-backend=50p4o342rscplotuji6hqk8tn2; _csrf-backend=47fb05a40956e75ff4a5980e027a59e49e739a9ad564e9bce66d367f35b743b2a%3A2%3A%7Bi%3A0%3Bs%3A13%3A%22_csrf-backend%22%3Bi%3A1%3Bs%3A32%3A%22PPRB0-Ir7M5RCLM9dDe3mqfThHLKAWyR%22%3B%7D'
    'PATH' => '/usr/local/sbin:/usr/local/bin:/usr/sbin:/usr/bin:/sbin:/bin'
    'SERVER_SIGNATURE' => '<address>Apache/2.4.18 (Ubuntu) Server at billing.dconhub.com Port 443</address>
'
    'SERVER_SOFTWARE' => 'Apache/2.4.18 (Ubuntu)'
    'SERVER_NAME' => 'billing.dconhub.com'
    'SERVER_ADDR' => '61.19.254.14'
    'SERVER_PORT' => '443'
    'REMOTE_ADDR' => '14.207.201.179'
    'DOCUMENT_ROOT' => '/var/www/billing/backend/web'
    'REQUEST_SCHEME' => 'https'
    'CONTEXT_PREFIX' => ''
    'CONTEXT_DOCUMENT_ROOT' => '/var/www/billing/backend/web'
    'SERVER_ADMIN' => 'webmaster@damasac.com'
    'SCRIPT_FILENAME' => '/var/www/billing/backend/web/index.php'
    'REMOTE_PORT' => '49975'
    'REDIRECT_URL' => '/module/1/Wf-t0gCdqkdsGCz3e7I2GSYYG-dA9Ede.png'
    'GATEWAY_INTERFACE' => 'CGI/1.1'
    'SERVER_PROTOCOL' => 'HTTP/1.1'
    'REQUEST_METHOD' => 'GET'
    'QUERY_STRING' => ''
    'REQUEST_URI' => '/module/1/Wf-t0gCdqkdsGCz3e7I2GSYYG-dA9Ede.png'
    'SCRIPT_NAME' => '/index.php'
    'PHP_SELF' => '/index.php'
    'REQUEST_TIME_FLOAT' => 1566563935.387
    'REQUEST_TIME' => 1566563935
]
2019-08-23 19:40:49 [14.207.201.179][1][-][warning][yii\debug\Module::checkAccess] Access to debugger is denied due to IP address restriction. The requesting IP address is 14.207.201.179
    in /var/www/billing/backend/themes/adminlte/views/layouts/main.php:75
    in /var/www/billing/backend/controllers/SiteController.php:69
2019-08-23 19:40:49 [14.207.201.179][1][-][warning][yii\debug\Module::checkAccess] Access to debugger is denied due to IP address restriction. The requesting IP address is 14.207.201.179
2019-08-23 19:40:49 [14.207.201.179][1][-][info][application] $_GET = []

$_POST = []

$_FILES = []

$_COOKIE = [
    'language' => '813b80ee9e5e07a75ba400e16f8b83cc9cb075b686da0c942e546fb3c7715e70a:2:{i:0;s:8:\"language\";i:1;s:5:\"en-US\";}'
    'advanced-backend' => '50p4o342rscplotuji6hqk8tn2'
    '_csrf-backend' => '47fb05a40956e75ff4a5980e027a59e49e739a9ad564e9bce66d367f35b743b2a:2:{i:0;s:13:\"_csrf-backend\";i:1;s:32:\"PPRB0-Ir7M5RCLM9dDe3mqfThHLKAWyR\";}'
]

$_SESSION = [
    '__flash' => []
    '__id' => 1
]

$_SERVER = [
    'HTTPS' => 'on'
    'SSL_TLS_SNI' => 'billing.dconhub.com'
    'HTTP_HOST' => 'billing.dconhub.com'
    'HTTP_CONNECTION' => 'keep-alive'
    'HTTP_CACHE_CONTROL' => 'max-age=0'
    'HTTP_UPGRADE_INSECURE_REQUESTS' => '1'
    'HTTP_USER_AGENT' => 'Mozilla/5.0 (Windows NT 10.0; Win64; x64) AppleWebKit/537.36 (KHTML, like Gecko) Chrome/76.0.3809.100 Safari/537.36'
    'HTTP_SEC_FETCH_MODE' => 'navigate'
    'HTTP_SEC_FETCH_USER' => '?1'
    'HTTP_ACCEPT' => 'text/html,application/xhtml+xml,application/xml;q=0.9,image/webp,image/apng,*/*;q=0.8,application/signed-exchange;v=b3'
    'HTTP_SEC_FETCH_SITE' => 'none'
    'HTTP_REFERER' => 'https://billing.dconhub.com/user/login'
    'HTTP_ACCEPT_ENCODING' => 'gzip, deflate, br'
    'HTTP_ACCEPT_LANGUAGE' => 'en-US,en;q=0.9,th;q=0.8'
    'HTTP_COOKIE' => 'language=813b80ee9e5e07a75ba400e16f8b83cc9cb075b686da0c942e546fb3c7715e70a%3A2%3A%7Bi%3A0%3Bs%3A8%3A%22language%22%3Bi%3A1%3Bs%3A5%3A%22en-US%22%3B%7D; advanced-backend=50p4o342rscplotuji6hqk8tn2; _csrf-backend=47fb05a40956e75ff4a5980e027a59e49e739a9ad564e9bce66d367f35b743b2a%3A2%3A%7Bi%3A0%3Bs%3A13%3A%22_csrf-backend%22%3Bi%3A1%3Bs%3A32%3A%22PPRB0-Ir7M5RCLM9dDe3mqfThHLKAWyR%22%3B%7D'
    'PATH' => '/usr/local/sbin:/usr/local/bin:/usr/sbin:/usr/bin:/sbin:/bin'
    'SERVER_SIGNATURE' => '<address>Apache/2.4.18 (Ubuntu) Server at billing.dconhub.com Port 443</address>
'
    'SERVER_SOFTWARE' => 'Apache/2.4.18 (Ubuntu)'
    'SERVER_NAME' => 'billing.dconhub.com'
    'SERVER_ADDR' => '61.19.254.14'
    'SERVER_PORT' => '443'
    'REMOTE_ADDR' => '14.207.201.179'
    'DOCUMENT_ROOT' => '/var/www/billing/backend/web'
    'REQUEST_SCHEME' => 'https'
    'CONTEXT_PREFIX' => ''
    'CONTEXT_DOCUMENT_ROOT' => '/var/www/billing/backend/web'
    'SERVER_ADMIN' => 'webmaster@damasac.com'
    'SCRIPT_FILENAME' => '/var/www/billing/backend/web/index.php'
    'REMOTE_PORT' => '50015'
    'GATEWAY_INTERFACE' => 'CGI/1.1'
    'SERVER_PROTOCOL' => 'HTTP/1.1'
    'REQUEST_METHOD' => 'GET'
    'QUERY_STRING' => ''
    'REQUEST_URI' => '/'
    'SCRIPT_NAME' => '/index.php'
    'PHP_SELF' => '/index.php'
    'REQUEST_TIME_FLOAT' => 1566564049.252
    'REQUEST_TIME' => 1566564049
]
2019-08-23 19:40:49 [14.207.201.179][1][50p4o342rscplotuji6hqk8tn2][error][yii\web\HttpException:404] yii\base\InvalidRouteException: Unable to resolve the request "module/1/Wf-t0gCdqkdsGCz3e7I2GSYYG-dA9Ede.png". in /var/www/billing/vendor/yiisoft/yii2/base/Module.php:537
Stack trace:
#0 /var/www/billing/vendor/yiisoft/yii2/web/Application.php(103): yii\base\Module->runAction('module/1/Wf-t0g...', Array)
#1 /var/www/billing/vendor/yiisoft/yii2/base/Application.php(386): yii\web\Application->handleRequest(Object(yii\web\Request))
#2 /var/www/billing/backend/web/index.php(17): yii\base\Application->run()
#3 {main}

Next yii\web\NotFoundHttpException: ไม่พบหน้า in /var/www/billing/vendor/yiisoft/yii2/web/Application.php:115
Stack trace:
#0 /var/www/billing/vendor/yiisoft/yii2/base/Application.php(386): yii\web\Application->handleRequest(Object(yii\web\Request))
#1 /var/www/billing/backend/web/index.php(17): yii\base\Application->run()
#2 {main}
2019-08-23 19:40:49 [14.207.201.179][1][50p4o342rscplotuji6hqk8tn2][warning][yii\debug\Module::checkAccess] Access to debugger is denied due to IP address restriction. The requesting IP address is 14.207.201.179
    in /var/www/billing/backend/themes/adminlte/views/layouts/main.php:75
2019-08-23 19:40:49 [14.207.201.179][1][50p4o342rscplotuji6hqk8tn2][warning][yii\debug\Module::checkAccess] Access to debugger is denied due to IP address restriction. The requesting IP address is 14.207.201.179
2019-08-23 19:40:49 [14.207.201.179][1][50p4o342rscplotuji6hqk8tn2][info][application] $_GET = []

$_POST = []

$_FILES = []

$_COOKIE = [
    'language' => '813b80ee9e5e07a75ba400e16f8b83cc9cb075b686da0c942e546fb3c7715e70a:2:{i:0;s:8:\"language\";i:1;s:5:\"en-US\";}'
    'advanced-backend' => '50p4o342rscplotuji6hqk8tn2'
    '_csrf-backend' => '47fb05a40956e75ff4a5980e027a59e49e739a9ad564e9bce66d367f35b743b2a:2:{i:0;s:13:\"_csrf-backend\";i:1;s:32:\"PPRB0-Ir7M5RCLM9dDe3mqfThHLKAWyR\";}'
]

$_SESSION = [
    '__flash' => []
    '__id' => 1
]

$_SERVER = [
    'REDIRECT_HTTPS' => 'on'
    'REDIRECT_SSL_TLS_SNI' => 'billing.dconhub.com'
    'REDIRECT_STATUS' => '200'
    'HTTPS' => 'on'
    'SSL_TLS_SNI' => 'billing.dconhub.com'
    'HTTP_HOST' => 'billing.dconhub.com'
    'HTTP_CONNECTION' => 'keep-alive'
    'HTTP_SEC_FETCH_MODE' => 'no-cors'
    'HTTP_USER_AGENT' => 'Mozilla/5.0 (Windows NT 10.0; Win64; x64) AppleWebKit/537.36 (KHTML, like Gecko) Chrome/76.0.3809.100 Safari/537.36'
    'HTTP_ACCEPT' => 'image/webp,image/apng,image/*,*/*;q=0.8'
    'HTTP_SEC_FETCH_SITE' => 'same-origin'
    'HTTP_REFERER' => 'https://billing.dconhub.com/'
    'HTTP_ACCEPT_ENCODING' => 'gzip, deflate, br'
    'HTTP_ACCEPT_LANGUAGE' => 'en-US,en;q=0.9,th;q=0.8'
    'HTTP_COOKIE' => 'language=813b80ee9e5e07a75ba400e16f8b83cc9cb075b686da0c942e546fb3c7715e70a%3A2%3A%7Bi%3A0%3Bs%3A8%3A%22language%22%3Bi%3A1%3Bs%3A5%3A%22en-US%22%3B%7D; advanced-backend=50p4o342rscplotuji6hqk8tn2; _csrf-backend=47fb05a40956e75ff4a5980e027a59e49e739a9ad564e9bce66d367f35b743b2a%3A2%3A%7Bi%3A0%3Bs%3A13%3A%22_csrf-backend%22%3Bi%3A1%3Bs%3A32%3A%22PPRB0-Ir7M5RCLM9dDe3mqfThHLKAWyR%22%3B%7D'
    'PATH' => '/usr/local/sbin:/usr/local/bin:/usr/sbin:/usr/bin:/sbin:/bin'
    'SERVER_SIGNATURE' => '<address>Apache/2.4.18 (Ubuntu) Server at billing.dconhub.com Port 443</address>
'
    'SERVER_SOFTWARE' => 'Apache/2.4.18 (Ubuntu)'
    'SERVER_NAME' => 'billing.dconhub.com'
    'SERVER_ADDR' => '61.19.254.14'
    'SERVER_PORT' => '443'
    'REMOTE_ADDR' => '14.207.201.179'
    'DOCUMENT_ROOT' => '/var/www/billing/backend/web'
    'REQUEST_SCHEME' => 'https'
    'CONTEXT_PREFIX' => ''
    'CONTEXT_DOCUMENT_ROOT' => '/var/www/billing/backend/web'
    'SERVER_ADMIN' => 'webmaster@damasac.com'
    'SCRIPT_FILENAME' => '/var/www/billing/backend/web/index.php'
    'REMOTE_PORT' => '50015'
    'REDIRECT_URL' => '/module/1/Wf-t0gCdqkdsGCz3e7I2GSYYG-dA9Ede.png'
    'GATEWAY_INTERFACE' => 'CGI/1.1'
    'SERVER_PROTOCOL' => 'HTTP/1.1'
    'REQUEST_METHOD' => 'GET'
    'QUERY_STRING' => ''
    'REQUEST_URI' => '/module/1/Wf-t0gCdqkdsGCz3e7I2GSYYG-dA9Ede.png'
    'SCRIPT_NAME' => '/index.php'
    'PHP_SELF' => '/index.php'
    'REQUEST_TIME_FLOAT' => 1566564049.38
    'REQUEST_TIME' => 1566564049
]
2019-08-23 19:40:51 [14.207.201.179][1][-][warning][yii\debug\Module::checkAccess] Access to debugger is denied due to IP address restriction. The requesting IP address is 14.207.201.179
    in /var/www/billing/backend/themes/adminlte/views/layouts/main.php:75
    in /var/www/billing/backend/controllers/SiteController.php:69
2019-08-23 19:40:51 [14.207.201.179][1][-][warning][yii\debug\Module::checkAccess] Access to debugger is denied due to IP address restriction. The requesting IP address is 14.207.201.179
2019-08-23 19:40:51 [14.207.201.179][1][-][info][application] $_GET = []

$_POST = []

$_FILES = []

$_COOKIE = [
    'language' => '813b80ee9e5e07a75ba400e16f8b83cc9cb075b686da0c942e546fb3c7715e70a:2:{i:0;s:8:\"language\";i:1;s:5:\"en-US\";}'
    'advanced-backend' => '50p4o342rscplotuji6hqk8tn2'
    '_csrf-backend' => '47fb05a40956e75ff4a5980e027a59e49e739a9ad564e9bce66d367f35b743b2a:2:{i:0;s:13:\"_csrf-backend\";i:1;s:32:\"PPRB0-Ir7M5RCLM9dDe3mqfThHLKAWyR\";}'
]

$_SESSION = [
    '__flash' => []
    '__id' => 1
]

$_SERVER = [
    'HTTPS' => 'on'
    'SSL_TLS_SNI' => 'billing.dconhub.com'
    'HTTP_HOST' => 'billing.dconhub.com'
    'HTTP_CONNECTION' => 'keep-alive'
    'HTTP_CACHE_CONTROL' => 'max-age=0'
    'HTTP_UPGRADE_INSECURE_REQUESTS' => '1'
    'HTTP_USER_AGENT' => 'Mozilla/5.0 (Windows NT 10.0; Win64; x64) AppleWebKit/537.36 (KHTML, like Gecko) Chrome/76.0.3809.100 Safari/537.36'
    'HTTP_SEC_FETCH_MODE' => 'navigate'
    'HTTP_SEC_FETCH_USER' => '?1'
    'HTTP_ACCEPT' => 'text/html,application/xhtml+xml,application/xml;q=0.9,image/webp,image/apng,*/*;q=0.8,application/signed-exchange;v=b3'
    'HTTP_SEC_FETCH_SITE' => 'none'
    'HTTP_REFERER' => 'https://billing.dconhub.com/user/login'
    'HTTP_ACCEPT_ENCODING' => 'gzip, deflate, br'
    'HTTP_ACCEPT_LANGUAGE' => 'en-US,en;q=0.9,th;q=0.8'
    'HTTP_COOKIE' => 'language=813b80ee9e5e07a75ba400e16f8b83cc9cb075b686da0c942e546fb3c7715e70a%3A2%3A%7Bi%3A0%3Bs%3A8%3A%22language%22%3Bi%3A1%3Bs%3A5%3A%22en-US%22%3B%7D; advanced-backend=50p4o342rscplotuji6hqk8tn2; _csrf-backend=47fb05a40956e75ff4a5980e027a59e49e739a9ad564e9bce66d367f35b743b2a%3A2%3A%7Bi%3A0%3Bs%3A13%3A%22_csrf-backend%22%3Bi%3A1%3Bs%3A32%3A%22PPRB0-Ir7M5RCLM9dDe3mqfThHLKAWyR%22%3B%7D'
    'PATH' => '/usr/local/sbin:/usr/local/bin:/usr/sbin:/usr/bin:/sbin:/bin'
    'SERVER_SIGNATURE' => '<address>Apache/2.4.18 (Ubuntu) Server at billing.dconhub.com Port 443</address>
'
    'SERVER_SOFTWARE' => 'Apache/2.4.18 (Ubuntu)'
    'SERVER_NAME' => 'billing.dconhub.com'
    'SERVER_ADDR' => '61.19.254.14'
    'SERVER_PORT' => '443'
    'REMOTE_ADDR' => '14.207.201.179'
    'DOCUMENT_ROOT' => '/var/www/billing/backend/web'
    'REQUEST_SCHEME' => 'https'
    'CONTEXT_PREFIX' => ''
    'CONTEXT_DOCUMENT_ROOT' => '/var/www/billing/backend/web'
    'SERVER_ADMIN' => 'webmaster@damasac.com'
    'SCRIPT_FILENAME' => '/var/www/billing/backend/web/index.php'
    'REMOTE_PORT' => '50015'
    'GATEWAY_INTERFACE' => 'CGI/1.1'
    'SERVER_PROTOCOL' => 'HTTP/1.1'
    'REQUEST_METHOD' => 'GET'
    'QUERY_STRING' => ''
    'REQUEST_URI' => '/'
    'SCRIPT_NAME' => '/index.php'
    'PHP_SELF' => '/index.php'
    'REQUEST_TIME_FLOAT' => 1566564051.637
    'REQUEST_TIME' => 1566564051
]
2019-08-23 19:40:51 [14.207.201.179][1][50p4o342rscplotuji6hqk8tn2][error][yii\web\HttpException:404] yii\base\InvalidRouteException: Unable to resolve the request "module/1/Wf-t0gCdqkdsGCz3e7I2GSYYG-dA9Ede.png". in /var/www/billing/vendor/yiisoft/yii2/base/Module.php:537
Stack trace:
#0 /var/www/billing/vendor/yiisoft/yii2/web/Application.php(103): yii\base\Module->runAction('module/1/Wf-t0g...', Array)
#1 /var/www/billing/vendor/yiisoft/yii2/base/Application.php(386): yii\web\Application->handleRequest(Object(yii\web\Request))
#2 /var/www/billing/backend/web/index.php(17): yii\base\Application->run()
#3 {main}

Next yii\web\NotFoundHttpException: ไม่พบหน้า in /var/www/billing/vendor/yiisoft/yii2/web/Application.php:115
Stack trace:
#0 /var/www/billing/vendor/yiisoft/yii2/base/Application.php(386): yii\web\Application->handleRequest(Object(yii\web\Request))
#1 /var/www/billing/backend/web/index.php(17): yii\base\Application->run()
#2 {main}
2019-08-23 19:40:51 [14.207.201.179][1][50p4o342rscplotuji6hqk8tn2][warning][yii\debug\Module::checkAccess] Access to debugger is denied due to IP address restriction. The requesting IP address is 14.207.201.179
    in /var/www/billing/backend/themes/adminlte/views/layouts/main.php:75
2019-08-23 19:40:51 [14.207.201.179][1][50p4o342rscplotuji6hqk8tn2][warning][yii\debug\Module::checkAccess] Access to debugger is denied due to IP address restriction. The requesting IP address is 14.207.201.179
2019-08-23 19:40:51 [14.207.201.179][1][50p4o342rscplotuji6hqk8tn2][info][application] $_GET = []

$_POST = []

$_FILES = []

$_COOKIE = [
    'language' => '813b80ee9e5e07a75ba400e16f8b83cc9cb075b686da0c942e546fb3c7715e70a:2:{i:0;s:8:\"language\";i:1;s:5:\"en-US\";}'
    'advanced-backend' => '50p4o342rscplotuji6hqk8tn2'
    '_csrf-backend' => '47fb05a40956e75ff4a5980e027a59e49e739a9ad564e9bce66d367f35b743b2a:2:{i:0;s:13:\"_csrf-backend\";i:1;s:32:\"PPRB0-Ir7M5RCLM9dDe3mqfThHLKAWyR\";}'
]

$_SESSION = [
    '__flash' => []
    '__id' => 1
]

$_SERVER = [
    'REDIRECT_HTTPS' => 'on'
    'REDIRECT_SSL_TLS_SNI' => 'billing.dconhub.com'
    'REDIRECT_STATUS' => '200'
    'HTTPS' => 'on'
    'SSL_TLS_SNI' => 'billing.dconhub.com'
    'HTTP_HOST' => 'billing.dconhub.com'
    'HTTP_CONNECTION' => 'keep-alive'
    'HTTP_SEC_FETCH_MODE' => 'no-cors'
    'HTTP_USER_AGENT' => 'Mozilla/5.0 (Windows NT 10.0; Win64; x64) AppleWebKit/537.36 (KHTML, like Gecko) Chrome/76.0.3809.100 Safari/537.36'
    'HTTP_ACCEPT' => 'image/webp,image/apng,image/*,*/*;q=0.8'
    'HTTP_SEC_FETCH_SITE' => 'same-origin'
    'HTTP_REFERER' => 'https://billing.dconhub.com/'
    'HTTP_ACCEPT_ENCODING' => 'gzip, deflate, br'
    'HTTP_ACCEPT_LANGUAGE' => 'en-US,en;q=0.9,th;q=0.8'
    'HTTP_COOKIE' => 'language=813b80ee9e5e07a75ba400e16f8b83cc9cb075b686da0c942e546fb3c7715e70a%3A2%3A%7Bi%3A0%3Bs%3A8%3A%22language%22%3Bi%3A1%3Bs%3A5%3A%22en-US%22%3B%7D; advanced-backend=50p4o342rscplotuji6hqk8tn2; _csrf-backend=47fb05a40956e75ff4a5980e027a59e49e739a9ad564e9bce66d367f35b743b2a%3A2%3A%7Bi%3A0%3Bs%3A13%3A%22_csrf-backend%22%3Bi%3A1%3Bs%3A32%3A%22PPRB0-Ir7M5RCLM9dDe3mqfThHLKAWyR%22%3B%7D'
    'PATH' => '/usr/local/sbin:/usr/local/bin:/usr/sbin:/usr/bin:/sbin:/bin'
    'SERVER_SIGNATURE' => '<address>Apache/2.4.18 (Ubuntu) Server at billing.dconhub.com Port 443</address>
'
    'SERVER_SOFTWARE' => 'Apache/2.4.18 (Ubuntu)'
    'SERVER_NAME' => 'billing.dconhub.com'
    'SERVER_ADDR' => '61.19.254.14'
    'SERVER_PORT' => '443'
    'REMOTE_ADDR' => '14.207.201.179'
    'DOCUMENT_ROOT' => '/var/www/billing/backend/web'
    'REQUEST_SCHEME' => 'https'
    'CONTEXT_PREFIX' => ''
    'CONTEXT_DOCUMENT_ROOT' => '/var/www/billing/backend/web'
    'SERVER_ADMIN' => 'webmaster@damasac.com'
    'SCRIPT_FILENAME' => '/var/www/billing/backend/web/index.php'
    'REMOTE_PORT' => '50015'
    'REDIRECT_URL' => '/module/1/Wf-t0gCdqkdsGCz3e7I2GSYYG-dA9Ede.png'
    'GATEWAY_INTERFACE' => 'CGI/1.1'
    'SERVER_PROTOCOL' => 'HTTP/1.1'
    'REQUEST_METHOD' => 'GET'
    'QUERY_STRING' => ''
    'REQUEST_URI' => '/module/1/Wf-t0gCdqkdsGCz3e7I2GSYYG-dA9Ede.png'
    'SCRIPT_NAME' => '/index.php'
    'PHP_SELF' => '/index.php'
    'REQUEST_TIME_FLOAT' => 1566564051.734
    'REQUEST_TIME' => 1566564051
]
2019-08-23 19:41:53 [14.207.201.179][1][-][warning][yii\debug\Module::checkAccess] Access to debugger is denied due to IP address restriction. The requesting IP address is 14.207.201.179
    in /var/www/billing/backend/themes/adminlte/views/layouts/main.php:75
    in /var/www/billing/backend/controllers/SiteController.php:69
2019-08-23 19:41:53 [14.207.201.179][1][-][warning][yii\debug\Module::checkAccess] Access to debugger is denied due to IP address restriction. The requesting IP address is 14.207.201.179
2019-08-23 19:41:53 [14.207.201.179][1][-][info][application] $_GET = []

$_POST = []

$_FILES = []

$_COOKIE = [
    'language' => '813b80ee9e5e07a75ba400e16f8b83cc9cb075b686da0c942e546fb3c7715e70a:2:{i:0;s:8:\"language\";i:1;s:5:\"en-US\";}'
    'advanced-backend' => '50p4o342rscplotuji6hqk8tn2'
    '_csrf-backend' => '47fb05a40956e75ff4a5980e027a59e49e739a9ad564e9bce66d367f35b743b2a:2:{i:0;s:13:\"_csrf-backend\";i:1;s:32:\"PPRB0-Ir7M5RCLM9dDe3mqfThHLKAWyR\";}'
]

$_SESSION = [
    '__flash' => []
    '__id' => 1
]

$_SERVER = [
    'HTTPS' => 'on'
    'SSL_TLS_SNI' => 'billing.dconhub.com'
    'HTTP_HOST' => 'billing.dconhub.com'
    'HTTP_CONNECTION' => 'keep-alive'
    'HTTP_CACHE_CONTROL' => 'max-age=0'
    'HTTP_UPGRADE_INSECURE_REQUESTS' => '1'
    'HTTP_USER_AGENT' => 'Mozilla/5.0 (Windows NT 10.0; Win64; x64) AppleWebKit/537.36 (KHTML, like Gecko) Chrome/76.0.3809.100 Safari/537.36'
    'HTTP_SEC_FETCH_MODE' => 'navigate'
    'HTTP_SEC_FETCH_USER' => '?1'
    'HTTP_ACCEPT' => 'text/html,application/xhtml+xml,application/xml;q=0.9,image/webp,image/apng,*/*;q=0.8,application/signed-exchange;v=b3'
    'HTTP_SEC_FETCH_SITE' => 'none'
    'HTTP_REFERER' => 'https://billing.dconhub.com/user/login'
    'HTTP_ACCEPT_ENCODING' => 'gzip, deflate, br'
    'HTTP_ACCEPT_LANGUAGE' => 'en-US,en;q=0.9,th;q=0.8'
    'HTTP_COOKIE' => 'language=813b80ee9e5e07a75ba400e16f8b83cc9cb075b686da0c942e546fb3c7715e70a%3A2%3A%7Bi%3A0%3Bs%3A8%3A%22language%22%3Bi%3A1%3Bs%3A5%3A%22en-US%22%3B%7D; advanced-backend=50p4o342rscplotuji6hqk8tn2; _csrf-backend=47fb05a40956e75ff4a5980e027a59e49e739a9ad564e9bce66d367f35b743b2a%3A2%3A%7Bi%3A0%3Bs%3A13%3A%22_csrf-backend%22%3Bi%3A1%3Bs%3A32%3A%22PPRB0-Ir7M5RCLM9dDe3mqfThHLKAWyR%22%3B%7D'
    'PATH' => '/usr/local/sbin:/usr/local/bin:/usr/sbin:/usr/bin:/sbin:/bin'
    'SERVER_SIGNATURE' => '<address>Apache/2.4.18 (Ubuntu) Server at billing.dconhub.com Port 443</address>
'
    'SERVER_SOFTWARE' => 'Apache/2.4.18 (Ubuntu)'
    'SERVER_NAME' => 'billing.dconhub.com'
    'SERVER_ADDR' => '61.19.254.14'
    'SERVER_PORT' => '443'
    'REMOTE_ADDR' => '14.207.201.179'
    'DOCUMENT_ROOT' => '/var/www/billing/backend/web'
    'REQUEST_SCHEME' => 'https'
    'CONTEXT_PREFIX' => ''
    'CONTEXT_DOCUMENT_ROOT' => '/var/www/billing/backend/web'
    'SERVER_ADMIN' => 'webmaster@damasac.com'
    'SCRIPT_FILENAME' => '/var/www/billing/backend/web/index.php'
    'REMOTE_PORT' => '50038'
    'GATEWAY_INTERFACE' => 'CGI/1.1'
    'SERVER_PROTOCOL' => 'HTTP/1.1'
    'REQUEST_METHOD' => 'GET'
    'QUERY_STRING' => ''
    'REQUEST_URI' => '/'
    'SCRIPT_NAME' => '/index.php'
    'PHP_SELF' => '/index.php'
    'REQUEST_TIME_FLOAT' => 1566564113.818
    'REQUEST_TIME' => 1566564113
]
2019-08-23 19:41:54 [14.207.201.179][1][50p4o342rscplotuji6hqk8tn2][error][yii\web\HttpException:404] yii\base\InvalidRouteException: Unable to resolve the request "module/1/Wf-t0gCdqkdsGCz3e7I2GSYYG-dA9Ede.png". in /var/www/billing/vendor/yiisoft/yii2/base/Module.php:537
Stack trace:
#0 /var/www/billing/vendor/yiisoft/yii2/web/Application.php(103): yii\base\Module->runAction('module/1/Wf-t0g...', Array)
#1 /var/www/billing/vendor/yiisoft/yii2/base/Application.php(386): yii\web\Application->handleRequest(Object(yii\web\Request))
#2 /var/www/billing/backend/web/index.php(17): yii\base\Application->run()
#3 {main}

Next yii\web\NotFoundHttpException: ไม่พบหน้า in /var/www/billing/vendor/yiisoft/yii2/web/Application.php:115
Stack trace:
#0 /var/www/billing/vendor/yiisoft/yii2/base/Application.php(386): yii\web\Application->handleRequest(Object(yii\web\Request))
#1 /var/www/billing/backend/web/index.php(17): yii\base\Application->run()
#2 {main}
2019-08-23 19:41:54 [14.207.201.179][1][50p4o342rscplotuji6hqk8tn2][warning][yii\debug\Module::checkAccess] Access to debugger is denied due to IP address restriction. The requesting IP address is 14.207.201.179
    in /var/www/billing/backend/themes/adminlte/views/layouts/main.php:75
2019-08-23 19:41:54 [14.207.201.179][1][50p4o342rscplotuji6hqk8tn2][warning][yii\debug\Module::checkAccess] Access to debugger is denied due to IP address restriction. The requesting IP address is 14.207.201.179
2019-08-23 19:41:54 [14.207.201.179][1][50p4o342rscplotuji6hqk8tn2][info][application] $_GET = []

$_POST = []

$_FILES = []

$_COOKIE = [
    'language' => '813b80ee9e5e07a75ba400e16f8b83cc9cb075b686da0c942e546fb3c7715e70a:2:{i:0;s:8:\"language\";i:1;s:5:\"en-US\";}'
    'advanced-backend' => '50p4o342rscplotuji6hqk8tn2'
    '_csrf-backend' => '47fb05a40956e75ff4a5980e027a59e49e739a9ad564e9bce66d367f35b743b2a:2:{i:0;s:13:\"_csrf-backend\";i:1;s:32:\"PPRB0-Ir7M5RCLM9dDe3mqfThHLKAWyR\";}'
]

$_SESSION = [
    '__flash' => []
    '__id' => 1
]

$_SERVER = [
    'REDIRECT_HTTPS' => 'on'
    'REDIRECT_SSL_TLS_SNI' => 'billing.dconhub.com'
    'REDIRECT_STATUS' => '200'
    'HTTPS' => 'on'
    'SSL_TLS_SNI' => 'billing.dconhub.com'
    'HTTP_HOST' => 'billing.dconhub.com'
    'HTTP_CONNECTION' => 'keep-alive'
    'HTTP_SEC_FETCH_MODE' => 'no-cors'
    'HTTP_USER_AGENT' => 'Mozilla/5.0 (Windows NT 10.0; Win64; x64) AppleWebKit/537.36 (KHTML, like Gecko) Chrome/76.0.3809.100 Safari/537.36'
    'HTTP_ACCEPT' => 'image/webp,image/apng,image/*,*/*;q=0.8'
    'HTTP_SEC_FETCH_SITE' => 'same-origin'
    'HTTP_REFERER' => 'https://billing.dconhub.com/'
    'HTTP_ACCEPT_ENCODING' => 'gzip, deflate, br'
    'HTTP_ACCEPT_LANGUAGE' => 'en-US,en;q=0.9,th;q=0.8'
    'HTTP_COOKIE' => 'language=813b80ee9e5e07a75ba400e16f8b83cc9cb075b686da0c942e546fb3c7715e70a%3A2%3A%7Bi%3A0%3Bs%3A8%3A%22language%22%3Bi%3A1%3Bs%3A5%3A%22en-US%22%3B%7D; advanced-backend=50p4o342rscplotuji6hqk8tn2; _csrf-backend=47fb05a40956e75ff4a5980e027a59e49e739a9ad564e9bce66d367f35b743b2a%3A2%3A%7Bi%3A0%3Bs%3A13%3A%22_csrf-backend%22%3Bi%3A1%3Bs%3A32%3A%22PPRB0-Ir7M5RCLM9dDe3mqfThHLKAWyR%22%3B%7D'
    'PATH' => '/usr/local/sbin:/usr/local/bin:/usr/sbin:/usr/bin:/sbin:/bin'
    'SERVER_SIGNATURE' => '<address>Apache/2.4.18 (Ubuntu) Server at billing.dconhub.com Port 443</address>
'
    'SERVER_SOFTWARE' => 'Apache/2.4.18 (Ubuntu)'
    'SERVER_NAME' => 'billing.dconhub.com'
    'SERVER_ADDR' => '61.19.254.14'
    'SERVER_PORT' => '443'
    'REMOTE_ADDR' => '14.207.201.179'
    'DOCUMENT_ROOT' => '/var/www/billing/backend/web'
    'REQUEST_SCHEME' => 'https'
    'CONTEXT_PREFIX' => ''
    'CONTEXT_DOCUMENT_ROOT' => '/var/www/billing/backend/web'
    'SERVER_ADMIN' => 'webmaster@damasac.com'
    'SCRIPT_FILENAME' => '/var/www/billing/backend/web/index.php'
    'REMOTE_PORT' => '50041'
    'REDIRECT_URL' => '/module/1/Wf-t0gCdqkdsGCz3e7I2GSYYG-dA9Ede.png'
    'GATEWAY_INTERFACE' => 'CGI/1.1'
    'SERVER_PROTOCOL' => 'HTTP/1.1'
    'REQUEST_METHOD' => 'GET'
    'QUERY_STRING' => ''
    'REQUEST_URI' => '/module/1/Wf-t0gCdqkdsGCz3e7I2GSYYG-dA9Ede.png'
    'SCRIPT_NAME' => '/index.php'
    'PHP_SELF' => '/index.php'
    'REQUEST_TIME_FLOAT' => 1566564114.259
    'REQUEST_TIME' => 1566564114
]
